Authenticated user with correct credentials user: pguzmanb498@ulacit.ed.cr
Authenticated user with correct credentials user: pguzmanb498@ulacit.ed.cr
Authenticated user with correct credentials user: pguzmanb498@ulacit.ed.cr
Authenticated user with correct credentials user: pguzmanb498@ulacit.ed.cr
Authenticated user with correct credentials user: pguzmanb498@ulacit.ed.cr
Authenticated user with correct credentials user: pguzmanb498@ulacit.ed.cr
A retrieval attempt of non-existing user occurred: a2c9f1e5-4aa9-4820-88be-8c9abd6e274e
A retrieval attempt of non-existing user occurred: a2c9f1e5-4aa9-4820-88be-8c9abd6e274e
Authenticated user with correct credentials user: pguzmanb498@ulacit.ed.cr
User d8c80ffb-2948-4149-a511-aded19e05104 was created
Authenticated user with correct credentials user: pguzmanb498@ulacit.ed.cr
Authenticated user with correct credentials user: pguzmanb498@ulacit.ed.cr
Authenticated user with correct credentials user: pguzmanb498@ulacit.ed.cr
Authenticated user with correct credentials user: pguzmanb498@ulacit.ed.cr
Authenticated user with correct credentials user: pguzmanb498@ulacit.ed.cr
Authenticated user with correct credentials user: pguzmanb498@ulacit.ed.cr
Authenticated user with correct credentials user: pguzmanb498@ulacit.ed.cr
Authenticated user with correct credentials user: pguzmanb498@ulacit.ed.cr
A retrieval attempt of non-existing user occurred: 4124234
A retrieval attempt of non-existing user occurred: d8c80ffb
A retrieval attempt of non-existing user occurred: d8c80ffb
A retrieval attempt of non-existing user occurred: d8c80ffb
A retrieval attempt of non-existing user occurred: d8c80ffb
A retrieval attempt of non-existing user occurred: d8c80ffb
A retrieval attempt of non-existing user occurred: d8c80ffb
User 94549518-24c8-4321-88e2-bf5492058816 was created
Authenticated user with correct credentials user: pguzmanb498@ulacit.ed.cr
User b64818e0-b61e-4651-9ea3-7d8cebb04633 was created
Authenticated user with correct credentials user: pguzmanb498@ulacit.ed.cr
Authenticated user with correct credentials user: pguzmanb498@ulacit.ed.cr
Updated password for user_id: b64818e0-b61e-4651-9ea3-7d8cebb04633
Updated password for user_id: b64818e0-b61e-4651-9ea3-7d8cebb04633
Invalid json received for user: b64818e0-b61e-4651-9ea3-7d8cebb04633
Invalid json received for user: b64818e0-b61e-4651-9ea3-7d8cebb04633
Invalid json received for user: b64818e0-b61e-4651-9ea3-7d8cebb04633
Invalid json received for user: b64818e0-b61e-4651-9ea3-7d8cebb04633
Invalid json received for user: b64818e0-b61e-4651-9ea3-7d8cebb04633
Authenticated user with correct credentials user: pguzmanb498@ulacit.ed.cr
A retrieval attempt of non-existing user occurred: oasdkasodmaskdm
A retrieval attempt of non-existing user occurred: oasdkasodmaskdm
User df5d4da0-671a-4384-a24c-6735d08239bd was created
Invalid json received for user: df5d4da0-671a-4384-a24c-6735d08239bd
Invalid json received for user: df5d4da0-671a-4384-a24c-6735d08239bd
Invalid json received for user: df5d4da0-671a-4384-a24c-6735d08239bd
Updated password for user_id: df5d4da0-671a-4384-a24c-6735d08239bd
Updated email for user_id: df5d4da0-671a-4384-a24c-6735d08239bd
Updated email for user_id: df5d4da0-671a-4384-a24c-6735d08239bd
